
state 0
	$accept: .statement $end 

	VALUE  shift 6
	NOT  shift 4
	LB  shift 3
	'-'  shift 5
	.  error

	statement  goto 1
	expr  goto 2

state 1
	$accept:  statement.$end 

	$end  accept
	.  error


state 2
	statement:  expr.EOF 
	expr:  expr.AND expr 
	expr:  expr.OR expr 
	expr:  expr.E expr 
	expr:  expr.RE expr 
	expr:  expr.NRE expr 
	expr:  expr.NE expr 
	expr:  expr.LT expr 
	expr:  expr.GT expr 
	expr:  expr.LTE expr 
	expr:  expr.GTE expr 
	expr:  expr.MATCH expr 
	expr:  expr.'+' expr 
	expr:  expr.'-' expr 
	expr:  expr.'*' expr 
	expr:  expr.'/' expr 
	expr:  expr.'%' expr 

	AND  shift 8
	OR  shift 9
	E  shift 10
	NE  shift 13
	RE  shift 11
	NRE  shift 12
	LT  shift 14
	GT  shift 15
	LTE  shift 16
	GTE  shift 17
	EOF  shift 7
	MATCH  shift 18
	'+'  shift 19
	'-'  shift 20
	'*'  shift 21
	'/'  shift 22
	'%'  shift 23
	.  error


state 3
	expr:  LB.expr RB 

	VALUE  shift 6
	NOT  shift 4
	LB  shift 3
	'-'  shift 5
	.  error

	expr  goto 24

state 4
	expr:  NOT.expr 

	VALUE  shift 6
	NOT  shift 4
	LB  shift 3
	'-'  shift 5
	.  error

	expr  goto 25

state 5
	expr:  '-'.expr 

	VALUE  shift 6
	NOT  shift 4
	LB  shift 3
	'-'  shift 5
	.  error

	expr  goto 26

state 6
	expr:  VALUE.    (21)

	.  reduce 21 (src line 144)


state 7
	statement:  expr EOF.    (1)

	.  reduce 1 (src line 41)


state 8
	expr:  expr AND.expr 

	VALUE  shift 6
	NOT  shift 4
	LB  shift 3
	'-'  shift 5
	.  error

	expr  goto 27

state 9
	expr:  expr OR.expr 

	VALUE  shift 6
	NOT  shift 4
	LB  shift 3
	'-'  shift 5
	.  error

	expr  goto 28

state 10
	expr:  expr E.expr 

	VALUE  shift 6
	NOT  shift 4
	LB  shift 3
	'-'  shift 5
	.  error

	expr  goto 29

state 11
	expr:  expr RE.expr 

	VALUE  shift 6
	NOT  shift 4
	LB  shift 3
	'-'  shift 5
	.  error

	expr  goto 30

state 12
	expr:  expr NRE.expr 

	VALUE  shift 6
	NOT  shift 4
	LB  shift 3
	'-'  shift 5
	.  error

	expr  goto 31

state 13
	expr:  expr NE.expr 

	VALUE  shift 6
	NOT  shift 4
	LB  shift 3
	'-'  shift 5
	.  error

	expr  goto 32

state 14
	expr:  expr LT.expr 

	VALUE  shift 6
	NOT  shift 4
	LB  shift 3
	'-'  shift 5
	.  error

	expr  goto 33

state 15
	expr:  expr GT.expr 

	VALUE  shift 6
	NOT  shift 4
	LB  shift 3
	'-'  shift 5
	.  error

	expr  goto 34

state 16
	expr:  expr LTE.expr 

	VALUE  shift 6
	NOT  shift 4
	LB  shift 3
	'-'  shift 5
	.  error

	expr  goto 35

state 17
	expr:  expr GTE.expr 

	VALUE  shift 6
	NOT  shift 4
	LB  shift 3
	'-'  shift 5
	.  error

	expr  goto 36

state 18
	expr:  expr MATCH.expr 

	VALUE  shift 6
	NOT  shift 4
	LB  shift 3
	'-'  shift 5
	.  error

	expr  goto 37

state 19
	expr:  expr '+'.expr 

	VALUE  shift 6
	NOT  shift 4
	LB  shift 3
	'-'  shift 5
	.  error

	expr  goto 38

state 20
	expr:  expr '-'.expr 

	VALUE  shift 6
	NOT  shift 4
	LB  shift 3
	'-'  shift 5
	.  error

	expr  goto 39

state 21
	expr:  expr '*'.expr 

	VALUE  shift 6
	NOT  shift 4
	LB  shift 3
	'-'  shift 5
	.  error

	expr  goto 40

state 22
	expr:  expr '/'.expr 

	VALUE  shift 6
	NOT  shift 4
	LB  shift 3
	'-'  shift 5
	.  error

	expr  goto 41

state 23
	expr:  expr '%'.expr 

	VALUE  shift 6
	NOT  shift 4
	LB  shift 3
	'-'  shift 5
	.  error

	expr  goto 42

state 24
	expr:  LB expr.RB 
	expr:  expr.AND expr 
	expr:  expr.OR expr 
	expr:  expr.E expr 
	expr:  expr.RE expr 
	expr:  expr.NRE expr 
	expr:  expr.NE expr 
	expr:  expr.LT expr 
	expr:  expr.GT expr 
	expr:  expr.LTE expr 
	expr:  expr.GTE expr 
	expr:  expr.MATCH expr 
	expr:  expr.'+' expr 
	expr:  expr.'-' expr 
	expr:  expr.'*' expr 
	expr:  expr.'/' expr 
	expr:  expr.'%' expr 

	AND  shift 8
	OR  shift 9
	RB  shift 43
	E  shift 10
	NE  shift 13
	RE  shift 11
	NRE  shift 12
	LT  shift 14
	GT  shift 15
	LTE  shift 16
	GTE  shift 17
	MATCH  shift 18
	'+'  shift 19
	'-'  shift 20
	'*'  shift 21
	'/'  shift 22
	'%'  shift 23
	.  error


state 25
	expr:  NOT expr.    (3)
	expr:  expr.AND expr 
	expr:  expr.OR expr 
	expr:  expr.E expr 
	expr:  expr.RE expr 
	expr:  expr.NRE expr 
	expr:  expr.NE expr 
	expr:  expr.LT expr 
	expr:  expr.GT expr 
	expr:  expr.LTE expr 
	expr:  expr.GTE expr 
	expr:  expr.MATCH expr 
	expr:  expr.'+' expr 
	expr:  expr.'-' expr 
	expr:  expr.'*' expr 
	expr:  expr.'/' expr 
	expr:  expr.'%' expr 

	.  reduce 3 (src line 52)


state 26
	expr:  expr.AND expr 
	expr:  expr.OR expr 
	expr:  expr.E expr 
	expr:  expr.RE expr 
	expr:  expr.NRE expr 
	expr:  expr.NE expr 
	expr:  expr.LT expr 
	expr:  expr.GT expr 
	expr:  expr.LTE expr 
	expr:  expr.GTE expr 
	expr:  expr.MATCH expr 
	expr:  expr.'+' expr 
	expr:  expr.'-' expr 
	expr:  expr.'*' expr 
	expr:  expr.'/' expr 
	expr:  expr.'%' expr 
	expr:  '-' expr.    (20)

	'*'  shift 21
	'/'  shift 22
	'%'  shift 23
	.  reduce 20 (src line 140)


state 27
	expr:  expr.AND expr 
	expr:  expr AND expr.    (4)
	expr:  expr.OR expr 
	expr:  expr.E expr 
	expr:  expr.RE expr 
	expr:  expr.NRE expr 
	expr:  expr.NE expr 
	expr:  expr.LT expr 
	expr:  expr.GT expr 
	expr:  expr.LTE expr 
	expr:  expr.GTE expr 
	expr:  expr.MATCH expr 
	expr:  expr.'+' expr 
	expr:  expr.'-' expr 
	expr:  expr.'*' expr 
	expr:  expr.'/' expr 
	expr:  expr.'%' expr 

	E  shift 10
	NE  shift 13
	RE  shift 11
	NRE  shift 12
	LT  shift 14
	GT  shift 15
	LTE  shift 16
	GTE  shift 17
	MATCH  shift 18
	'+'  shift 19
	'-'  shift 20
	'*'  shift 21
	'/'  shift 22
	'%'  shift 23
	.  reduce 4 (src line 56)


state 28
	expr:  expr.AND expr 
	expr:  expr.OR expr 
	expr:  expr OR expr.    (5)
	expr:  expr.E expr 
	expr:  expr.RE expr 
	expr:  expr.NRE expr 
	expr:  expr.NE expr 
	expr:  expr.LT expr 
	expr:  expr.GT expr 
	expr:  expr.LTE expr 
	expr:  expr.GTE expr 
	expr:  expr.MATCH expr 
	expr:  expr.'+' expr 
	expr:  expr.'-' expr 
	expr:  expr.'*' expr 
	expr:  expr.'/' expr 
	expr:  expr.'%' expr 

	AND  shift 8
	E  shift 10
	NE  shift 13
	RE  shift 11
	NRE  shift 12
	LT  shift 14
	GT  shift 15
	LTE  shift 16
	GTE  shift 17
	MATCH  shift 18
	'+'  shift 19
	'-'  shift 20
	'*'  shift 21
	'/'  shift 22
	'%'  shift 23
	.  reduce 5 (src line 60)


state 29
	expr:  expr.AND expr 
	expr:  expr.OR expr 
	expr:  expr.E expr 
	expr:  expr E expr.    (6)
	expr:  expr.RE expr 
	expr:  expr.NRE expr 
	expr:  expr.NE expr 
	expr:  expr.LT expr 
	expr:  expr.GT expr 
	expr:  expr.LTE expr 
	expr:  expr.GTE expr 
	expr:  expr.MATCH expr 
	expr:  expr.'+' expr 
	expr:  expr.'-' expr 
	expr:  expr.'*' expr 
	expr:  expr.'/' expr 
	expr:  expr.'%' expr 

	'+'  shift 19
	'-'  shift 20
	'*'  shift 21
	'/'  shift 22
	'%'  shift 23
	.  reduce 6 (src line 64)


state 30
	expr:  expr.AND expr 
	expr:  expr.OR expr 
	expr:  expr.E expr 
	expr:  expr.RE expr 
	expr:  expr RE expr.    (7)
	expr:  expr.NRE expr 
	expr:  expr.NE expr 
	expr:  expr.LT expr 
	expr:  expr.GT expr 
	expr:  expr.LTE expr 
	expr:  expr.GTE expr 
	expr:  expr.MATCH expr 
	expr:  expr.'+' expr 
	expr:  expr.'-' expr 
	expr:  expr.'*' expr 
	expr:  expr.'/' expr 
	expr:  expr.'%' expr 

	'+'  shift 19
	'-'  shift 20
	'*'  shift 21
	'/'  shift 22
	'%'  shift 23
	.  reduce 7 (src line 68)


state 31
	expr:  expr.AND expr 
	expr:  expr.OR expr 
	expr:  expr.E expr 
	expr:  expr.RE expr 
	expr:  expr.NRE expr 
	expr:  expr NRE expr.    (8)
	expr:  expr.NE expr 
	expr:  expr.LT expr 
	expr:  expr.GT expr 
	expr:  expr.LTE expr 
	expr:  expr.GTE expr 
	expr:  expr.MATCH expr 
	expr:  expr.'+' expr 
	expr:  expr.'-' expr 
	expr:  expr.'*' expr 
	expr:  expr.'/' expr 
	expr:  expr.'%' expr 

	'+'  shift 19
	'-'  shift 20
	'*'  shift 21
	'/'  shift 22
	'%'  shift 23
	.  reduce 8 (src line 72)


state 32
	expr:  expr.AND expr 
	expr:  expr.OR expr 
	expr:  expr.E expr 
	expr:  expr.RE expr 
	expr:  expr.NRE expr 
	expr:  expr.NE expr 
	expr:  expr NE expr.    (9)
	expr:  expr.LT expr 
	expr:  expr.GT expr 
	expr:  expr.LTE expr 
	expr:  expr.GTE expr 
	expr:  expr.MATCH expr 
	expr:  expr.'+' expr 
	expr:  expr.'-' expr 
	expr:  expr.'*' expr 
	expr:  expr.'/' expr 
	expr:  expr.'%' expr 

	'+'  shift 19
	'-'  shift 20
	'*'  shift 21
	'/'  shift 22
	'%'  shift 23
	.  reduce 9 (src line 76)


state 33
	expr:  expr.AND expr 
	expr:  expr.OR expr 
	expr:  expr.E expr 
	expr:  expr.RE expr 
	expr:  expr.NRE expr 
	expr:  expr.NE expr 
	expr:  expr.LT expr 
	expr:  expr LT expr.    (10)
	expr:  expr.GT expr 
	expr:  expr.LTE expr 
	expr:  expr.GTE expr 
	expr:  expr.MATCH expr 
	expr:  expr.'+' expr 
	expr:  expr.'-' expr 
	expr:  expr.'*' expr 
	expr:  expr.'/' expr 
	expr:  expr.'%' expr 

	'+'  shift 19
	'-'  shift 20
	'*'  shift 21
	'/'  shift 22
	'%'  shift 23
	.  reduce 10 (src line 80)


state 34
	expr:  expr.AND expr 
	expr:  expr.OR expr 
	expr:  expr.E expr 
	expr:  expr.RE expr 
	expr:  expr.NRE expr 
	expr:  expr.NE expr 
	expr:  expr.LT expr 
	expr:  expr.GT expr 
	expr:  expr GT expr.    (11)
	expr:  expr.LTE expr 
	expr:  expr.GTE expr 
	expr:  expr.MATCH expr 
	expr:  expr.'+' expr 
	expr:  expr.'-' expr 
	expr:  expr.'*' expr 
	expr:  expr.'/' expr 
	expr:  expr.'%' expr 

	'+'  shift 19
	'-'  shift 20
	'*'  shift 21
	'/'  shift 22
	'%'  shift 23
	.  reduce 11 (src line 84)


state 35
	expr:  expr.AND expr 
	expr:  expr.OR expr 
	expr:  expr.E expr 
	expr:  expr.RE expr 
	expr:  expr.NRE expr 
	expr:  expr.NE expr 
	expr:  expr.LT expr 
	expr:  expr.GT expr 
	expr:  expr.LTE expr 
	expr:  expr LTE expr.    (12)
	expr:  expr.GTE expr 
	expr:  expr.MATCH expr 
	expr:  expr.'+' expr 
	expr:  expr.'-' expr 
	expr:  expr.'*' expr 
	expr:  expr.'/' expr 
	expr:  expr.'%' expr 

	'+'  shift 19
	'-'  shift 20
	'*'  shift 21
	'/'  shift 22
	'%'  shift 23
	.  reduce 12 (src line 88)


state 36
	expr:  expr.AND expr 
	expr:  expr.OR expr 
	expr:  expr.E expr 
	expr:  expr.RE expr 
	expr:  expr.NRE expr 
	expr:  expr.NE expr 
	expr:  expr.LT expr 
	expr:  expr.GT expr 
	expr:  expr.LTE expr 
	expr:  expr.GTE expr 
	expr:  expr GTE expr.    (13)
	expr:  expr.MATCH expr 
	expr:  expr.'+' expr 
	expr:  expr.'-' expr 
	expr:  expr.'*' expr 
	expr:  expr.'/' expr 
	expr:  expr.'%' expr 

	'+'  shift 19
	'-'  shift 20
	'*'  shift 21
	'/'  shift 22
	'%'  shift 23
	.  reduce 13 (src line 92)


state 37
	expr:  expr.AND expr 
	expr:  expr.OR expr 
	expr:  expr.E expr 
	expr:  expr.RE expr 
	expr:  expr.NRE expr 
	expr:  expr.NE expr 
	expr:  expr.LT expr 
	expr:  expr.GT expr 
	expr:  expr.LTE expr 
	expr:  expr.GTE expr 
	expr:  expr.MATCH expr 
	expr:  expr MATCH expr.    (14)
	expr:  expr.'+' expr 
	expr:  expr.'-' expr 
	expr:  expr.'*' expr 
	expr:  expr.'/' expr 
	expr:  expr.'%' expr 

	'+'  shift 19
	'-'  shift 20
	'*'  shift 21
	'/'  shift 22
	'%'  shift 23
	.  reduce 14 (src line 96)


state 38
	expr:  expr.AND expr 
	expr:  expr.OR expr 
	expr:  expr.E expr 
	expr:  expr.RE expr 
	expr:  expr.NRE expr 
	expr:  expr.NE expr 
	expr:  expr.LT expr 
	expr:  expr.GT expr 
	expr:  expr.LTE expr 
	expr:  expr.GTE expr 
	expr:  expr.MATCH expr 
	expr:  expr.'+' expr 
	expr:  expr '+' expr.    (15)
	expr:  expr.'-' expr 
	expr:  expr.'*' expr 
	expr:  expr.'/' expr 
	expr:  expr.'%' expr 

	'*'  shift 21
	'/'  shift 22
	'%'  shift 23
	.  reduce 15 (src line 100)


state 39
	expr:  expr.AND expr 
	expr:  expr.OR expr 
	expr:  expr.E expr 
	expr:  expr.RE expr 
	expr:  expr.NRE expr 
	expr:  expr.NE expr 
	expr:  expr.LT expr 
	expr:  expr.GT expr 
	expr:  expr.LTE expr 
	expr:  expr.GTE expr 
	expr:  expr.MATCH expr 
	expr:  expr.'+' expr 
	expr:  expr.'-' expr 
	expr:  expr '-' expr.    (16)
	expr:  expr.'*' expr 
	expr:  expr.'/' expr 
	expr:  expr.'%' expr 

	'*'  shift 21
	'/'  shift 22
	'%'  shift 23
	.  reduce 16 (src line 104)


state 40
	expr:  expr.AND expr 
	expr:  expr.OR expr 
	expr:  expr.E expr 
	expr:  expr.RE expr 
	expr:  expr.NRE expr 
	expr:  expr.NE expr 
	expr:  expr.LT expr 
	expr:  expr.GT expr 
	expr:  expr.LTE expr 
	expr:  expr.GTE expr 
	expr:  expr.MATCH expr 
	expr:  expr.'+' expr 
	expr:  expr.'-' expr 
	expr:  expr.'*' expr 
	expr:  expr '*' expr.    (17)
	expr:  expr.'/' expr 
	expr:  expr.'%' expr 

	.  reduce 17 (src line 113)


state 41
	expr:  expr.AND expr 
	expr:  expr.OR expr 
	expr:  expr.E expr 
	expr:  expr.RE expr 
	expr:  expr.NRE expr 
	expr:  expr.NE expr 
	expr:  expr.LT expr 
	expr:  expr.GT expr 
	expr:  expr.LTE expr 
	expr:  expr.GTE expr 
	expr:  expr.MATCH expr 
	expr:  expr.'+' expr 
	expr:  expr.'-' expr 
	expr:  expr.'*' expr 
	expr:  expr.'/' expr 
	expr:  expr '/' expr.    (18)
	expr:  expr.'%' expr 

	.  reduce 18 (src line 122)


state 42
	expr:  expr.AND expr 
	expr:  expr.OR expr 
	expr:  expr.E expr 
	expr:  expr.RE expr 
	expr:  expr.NRE expr 
	expr:  expr.NE expr 
	expr:  expr.LT expr 
	expr:  expr.GT expr 
	expr:  expr.LTE expr 
	expr:  expr.GTE expr 
	expr:  expr.MATCH expr 
	expr:  expr.'+' expr 
	expr:  expr.'-' expr 
	expr:  expr.'*' expr 
	expr:  expr.'/' expr 
	expr:  expr.'%' expr 
	expr:  expr '%' expr.    (19)

	.  reduce 19 (src line 131)


state 43
	expr:  LB expr RB.    (2)

	.  reduce 2 (src line 48)


24 terminals, 3 nonterminals
22 grammar rules, 44/8000 states
0 shift/reduce, 0 reduce/reduce conflicts reported
52 working sets used
memory: parser 20/120000
35 extra closures
197 shift entries, 1 exceptions
21 goto entries
0 entries saved by goto default
Optimizer space used: output 123/120000
123 table entries, 27 zero
maximum spread: 24, maximum offset: 23
